<?xml version="1.0" encoding="UTF-8"?>
<!-- Generated by org.testng.reporters.JUnitReportReporter -->
<testsuite skipped="0" hostname="INDMUMBLPTMP069" name="Appium.EcommerceAddToCartProduct" tests="1" failures="0" timestamp="13 Jul 2023 06:36:50 GMT" time="65.510" errors="0">
  <testcase name="EcommerceTest" time="65.510" classname="Appium.EcommerceAddToCartProduct"/>
</testsuite> <!-- Appium.EcommerceAddToCartProduct -->
