<?xml version="1.0" encoding="UTF-8"?>
<!-- Generated by org.testng.reporters.JUnitReportReporter -->
<testsuite hostname="INDMUMBLPTMP069" failures="0" tests="1" name="Test.TestClass1" time="36.263" errors="0" timestamp="27 Jul 2023 05:51:43 GMT" skipped="0">
  <testcase classname="Test.TestClass1" name="LoginWithNewAccountnegativetestcase" time="36.263"/>
</testsuite> <!-- Test.TestClass1 -->
