<?xml version="1.0" encoding="UTF-8"?>
<!-- Generated by org.testng.reporters.JUnitReportReporter -->
<testsuite hostname="INDMUMBLPTMP069" failures="0" tests="1" name="Test.TestClass2" time="15.696" errors="0" timestamp="27 Jul 2023 05:57:59 GMT" skipped="0">
  <testcase classname="Test.TestClass2" name="LoginwithAnonymousAccOption" time="15.696"/>
</testsuite> <!-- Test.TestClass2 -->
