<?xml version="1.0" encoding="UTF-8"?>
<!-- Generated by org.testng.reporters.JUnitReportReporter -->
<testsuite hostname="INDMUMBLPTMP069" failures="0" tests="1" name="Appium_FrameWork.EcommerceTest" time="70.712" errors="0" timestamp="2023-07-12T09:48:52 IST" skipped="0">
  <testcase classname="Appium_FrameWork.EcommerceTest" name="EcommerceTest" time="70.712"/>
  <system-out/>
</testsuite> <!-- Appium_FrameWork.EcommerceTest -->
