<?xml version="1.0" encoding="UTF-8"?>
<!-- Generated by org.testng.reporters.JUnitReportReporter -->
<testsuite hostname="INDMUMBLPTMP069" failures="0" tests="1" name="Appium_FrameWork.EcommerceDemo" time="9.585" errors="0" timestamp="19 Jul 2023 06:51:54 GMT" skipped="0">
  <testcase classname="Appium_FrameWork.EcommerceDemo" name="Miscellanous" time="9.585"/>
</testsuite> <!-- Appium_FrameWork.EcommerceDemo -->
