<?xml version="1.0" encoding="UTF-8"?>
<!-- Generated by org.testng.reporters.JUnitReportReporter -->
<testsuite hostname="INDMUMBLPTMP069" failures="0" tests="1" name="Mobile_Automation_Test.TestCalss2" time="47.586" errors="0" timestamp="25 Jul 2023 07:02:09 GMT" skipped="0">
  <testcase classname="Mobile_Automation_Test.TestCalss2" name="LoginTest" time="47.586"/>
</testsuite> <!-- Mobile_Automation_Test.TestCalss2 -->
