<?xml version="1.0" encoding="UTF-8"?>
<!-- Generated by org.testng.reporters.JUnitReportReporter -->
<testsuite hostname="INDMUMBLPTMP069" failures="0" tests="1" name="ExtentReport.ExtentReport" time="1.198" errors="0" timestamp="07 Jul 2023 11:23:51 GMT" skipped="0">
  <testcase classname="ExtentReport.ExtentReport" name="Test1" time="1.198"/>
</testsuite> <!-- ExtentReport.ExtentReport -->
