<?xml version="1.0" encoding="UTF-8"?>
<!-- Generated by org.testng.reporters.JUnitReportReporter -->
<testsuite hostname="INDMUMBLPTMP069" failures="0" tests="1" name="Appium.Miscellanous" time="9.967" errors="0" timestamp="19 Jul 2023 04:46:49 GMT" skipped="0">
  <testcase classname="Appium.Miscellanous" name="Miscellanous" time="9.967"/>
</testsuite> <!-- Appium.Miscellanous -->
